Build started 8/15/2015 12:10:41 PM.
     1>Project "C:\Users\Commander Zorg\Desktop\Developer Environment\Programs\C++\MooEngine\MooEngine\MooEngine.vcxproj" on node 2 (Build target(s)).
     1>C:\Program Files (x86)\MSBuild\Microsoft.Cpp\v4.0\V120\Microsoft.CppBuild.targets(388,5): warning MSB8028: The intermediate directory (Debug\) contains files shared from another project (MooEngine.vcxproj).  This can lead to incorrect clean and rebuild behavior.
     1>ClCompile:
         C:\Program Files (x86)\Microsoft Visual Studio 12.0\VC\bin\CL.exe /c /ZI /nologo /W3 /WX- /sdl /Od /Oy- /D _MBCS /Gm /EHsc /RTC1 /MDd /GS /fp:precise /Zc:wchar_t /Zc:forScope /Fo"Debug\\" /Fd"Debug\vc120.pdb" /Gd /TP /analyze- /errorReport:prompt "Galaxy View State.cpp" "Image Manager.cpp" "Intro State.cpp" "Main Game State.cpp" "Main Title State.cpp" main.cpp "MOO Engine.cpp" "Music Manager.cpp" "New Game Setup State.cpp" "Sound Manager.cpp" "System Settings.cpp" "System View State.cpp" "Title State.cpp"
         System View State.cpp
     1>c:\users\commander zorg\desktop\developer environment\programs\c++\mooengine\mooengine\system view state.cpp(57): warning C4244: 'initializing' : conversion from 'double' to 'int', possible loss of data
     1>c:\users\commander zorg\desktop\developer environment\programs\c++\mooengine\mooengine\system view state.cpp(58): warning C4244: 'initializing' : conversion from 'double' to 'int', possible loss of data
     1>c:\users\commander zorg\desktop\developer environment\programs\c++\mooengine\mooengine\system view state.cpp(93): warning C4244: 'argument' : conversion from 'unsigned int' to 'float', possible loss of data
     1>c:\users\commander zorg\desktop\developer environment\programs\c++\mooengine\mooengine\system view state.cpp(102): warning C4244: 'argument' : conversion from 'unsigned int' to 'float', possible loss of data
     1>c:\users\commander zorg\desktop\developer environment\programs\c++\mooengine\mooengine\system view state.cpp(111): warning C4244: 'argument' : conversion from 'unsigned int' to 'float', possible loss of data
     1>c:\users\commander zorg\desktop\developer environment\programs\c++\mooengine\mooengine\system view state.cpp(120): warning C4244: 'argument' : conversion from 'unsigned int' to 'float', possible loss of data
     1>c:\users\commander zorg\desktop\developer environment\programs\c++\mooengine\mooengine\system view state.cpp(129): warning C4244: 'argument' : conversion from 'unsigned int' to 'float', possible loss of data
     1>c:\users\commander zorg\desktop\developer environment\programs\c++\mooengine\mooengine\system view state.cpp(138): warning C4244: 'argument' : conversion from 'unsigned int' to 'float', possible loss of data
     1>c:\users\commander zorg\desktop\developer environment\programs\c++\mooengine\mooengine\system view state.cpp(147): warning C4244: 'argument' : conversion from 'unsigned int' to 'float', possible loss of data
     1>c:\users\commander zorg\desktop\developer environment\programs\c++\mooengine\mooengine\system view state.cpp(166): warning C4244: 'initializing' : conversion from 'double' to 'int', possible loss of data
     1>c:\users\commander zorg\desktop\developer environment\programs\c++\mooengine\mooengine\system view state.cpp(167): warning C4244: 'initializing' : conversion from 'double' to 'int', possible loss of data
     1>c:\users\commander zorg\desktop\developer environment\programs\c++\mooengine\mooengine\system view state.cpp(171): warning C4244: 'argument' : conversion from 'unsigned int' to 'float', possible loss of data
     1>c:\users\commander zorg\desktop\developer environment\programs\c++\mooengine\mooengine\system view state.cpp(176): warning C4244: 'argument' : conversion from 'unsigned int' to 'float', possible loss of data
     1>c:\users\commander zorg\desktop\developer environment\programs\c++\mooengine\mooengine\system view state.cpp(177): warning C4244: 'argument' : conversion from 'unsigned int' to 'float', possible loss of data
     1>c:\users\commander zorg\desktop\developer environment\programs\c++\mooengine\mooengine\system view state.cpp(220): warning C4244: 'argument' : conversion from 'int' to 'float', possible loss of data
     1>c:\users\commander zorg\desktop\developer environment\programs\c++\mooengine\mooengine\system view state.cpp(233): warning C4244: 'argument' : conversion from 'int' to 'float', possible loss of data
     1>c:\users\commander zorg\desktop\developer environment\programs\c++\mooengine\mooengine\system view state.cpp(246): warning C4244: 'argument' : conversion from 'int' to 'float', possible loss of data
     1>c:\users\commander zorg\desktop\developer environment\programs\c++\mooengine\mooengine\system view state.cpp(259): warning C4244: 'argument' : conversion from 'int' to 'float', possible loss of data
     1>c:\users\commander zorg\desktop\developer environment\programs\c++\mooengine\mooengine\system view state.cpp(272): warning C4244: 'argument' : conversion from 'int' to 'float', possible loss of data
     1>c:\users\commander zorg\desktop\developer environment\programs\c++\mooengine\mooengine\system view state.cpp(285): warning C4244: 'argument' : conversion from 'int' to 'float', possible loss of data
     1>c:\users\commander zorg\desktop\developer environment\programs\c++\mooengine\mooengine\system view state.cpp(298): warning C4244: 'argument' : conversion from 'int' to 'float', possible loss of data
     1>c:\users\commander zorg\desktop\developer environment\programs\c++\mooengine\mooengine\system view state.cpp(311): warning C4244: 'argument' : conversion from 'int' to 'float', possible loss of data
     1>c:\users\commander zorg\desktop\developer environment\programs\c++\mooengine\mooengine\system view state.cpp(324): warning C4244: 'argument' : conversion from 'int' to 'float', possible loss of data
     1>c:\users\commander zorg\desktop\developer environment\programs\c++\mooengine\mooengine\system view state.cpp(337): warning C4244: 'argument' : conversion from 'int' to 'float', possible loss of data
     1>c:\users\commander zorg\desktop\developer environment\programs\c++\mooengine\mooengine\system view state.cpp(353): warning C4244: 'initializing' : conversion from 'double' to 'int', possible loss of data
     1>c:\users\commander zorg\desktop\developer environment\programs\c++\mooengine\mooengine\system view state.cpp(354): warning C4244: 'initializing' : conversion from 'double' to 'int', possible loss of data
     1>c:\users\commander zorg\desktop\developer environment\programs\c++\mooengine\mooengine\system view state.cpp(361): warning C4244: 'argument' : conversion from 'int' to 'float', possible loss of data
     1>c:\users\commander zorg\desktop\developer environment\programs\c++\mooengine\mooengine\system view state.cpp(376): warning C4244: 'argument' : conversion from 'int' to 'float', possible loss of data
     1>c:\users\commander zorg\desktop\developer environment\programs\c++\mooengine\mooengine\system view state.cpp(381): warning C4244: 'argument' : conversion from 'int' to 'float', possible loss of data
     1>c:\users\commander zorg\desktop\developer environment\programs\c++\mooengine\mooengine\system view state.cpp(386): warning C4244: 'argument' : conversion from 'int' to 'float', possible loss of data
         New Game Setup State.cpp
         Main Game State.cpp
     1>c:\users\commander zorg\desktop\developer environment\programs\c++\mooengine\mooengine\global functions.h(11): warning C4244: 'argument' : conversion from 'const float' to 'unsigned short', possible loss of data
     1>c:\users\commander zorg\desktop\developer environment\programs\c++\mooengine\mooengine\galaxy creator.h(95): warning C4244: '=' : conversion from 'unsigned int' to 'float', possible loss of data
     1>c:\users\commander zorg\desktop\developer environment\programs\c++\mooengine\mooengine\galaxy creator.h(96): warning C4244: '=' : conversion from 'unsigned int' to 'float', possible loss of data
     1>c:\users\commander zorg\desktop\developer environment\programs\c++\mooengine\mooengine\galaxy creator.h(100): warning C4244: 'initializing' : conversion from 'float' to 'int', possible loss of data
     1>c:\users\commander zorg\desktop\developer environment\programs\c++\mooengine\mooengine\galaxy creator.h(102): warning C4244: 'initializing' : conversion from 'float' to 'int', possible loss of data
         Galaxy View State.cpp
     1>c:\users\commander zorg\desktop\developer environment\programs\c++\mooengine\mooengine\global functions.h(11): warning C4244: 'argument' : conversion from 'const float' to 'unsigned short', possible loss of data
     1>c:\users\commander zorg\desktop\developer environment\programs\c++\mooengine\mooengine\galaxy view state.cpp(174): warning C4244: 'initializing' : conversion from 'float' to 'unsigned int', possible loss of data
     1>c:\users\commander zorg\desktop\developer environment\programs\c++\mooengine\mooengine\galaxy view state.cpp(175): warning C4244: 'initializing' : conversion from 'float' to 'unsigned int', possible loss of data
     1>c:\users\commander zorg\desktop\developer environment\programs\c++\mooengine\mooengine\galaxy view state.cpp(177): warning C4244: 'initializing' : conversion from 'float' to 'unsigned int', possible loss of data
     1>c:\users\commander zorg\desktop\developer environment\programs\c++\mooengine\mooengine\galaxy view state.cpp(178): warning C4244: 'initializing' : conversion from 'float' to 'unsigned int', possible loss of data
     1>c:\users\commander zorg\desktop\developer environment\programs\c++\mooengine\mooengine\galaxy view state.cpp(184): warning C4244: 'argument' : conversion from 'unsigned int' to 'float', possible loss of data
     1>c:\users\commander zorg\desktop\developer environment\programs\c++\mooengine\mooengine\galaxy view state.cpp(193): warning C4244: 'argument' : conversion from 'unsigned int' to 'float', possible loss of data
     1>c:\users\commander zorg\desktop\developer environment\programs\c++\mooengine\mooengine\galaxy view state.cpp(202): warning C4244: 'argument' : conversion from 'unsigned int' to 'float', possible loss of data
     1>c:\users\commander zorg\desktop\developer environment\programs\c++\mooengine\mooengine\galaxy view state.cpp(211): warning C4244: 'argument' : conversion from 'unsigned int' to 'float', possible loss of data
     1>c:\users\commander zorg\desktop\developer environment\programs\c++\mooengine\mooengine\galaxy view state.cpp(220): warning C4244: 'argument' : conversion from 'unsigned int' to 'float', possible loss of data
     1>c:\users\commander zorg\desktop\developer environment\programs\c++\mooengine\mooengine\galaxy view state.cpp(229): warning C4244: 'argument' : conversion from 'unsigned int' to 'float', possible loss of data
     1>c:\users\commander zorg\desktop\developer environment\programs\c++\mooengine\mooengine\galaxy view state.cpp(238): warning C4244: 'argument' : conversion from 'unsigned int' to 'float', possible loss of data
     1>c:\users\commander zorg\desktop\developer environment\programs\c++\mooengine\mooengine\galaxy view state.cpp(335): warning C4244: '+=' : conversion from 'float' to 'int', possible loss of data
     1>c:\users\commander zorg\desktop\developer environment\programs\c++\mooengine\mooengine\galaxy view state.cpp(342): warning C4244: '+=' : conversion from 'float' to 'int', possible loss of data
     1>c:\users\commander zorg\desktop\developer environment\programs\c++\mooengine\mooengine\galaxy view state.cpp(466): warning C4244: '+=' : conversion from 'double' to 'float', possible loss of data
     1>c:\users\commander zorg\desktop\developer environment\programs\c++\mooengine\mooengine\galaxy view state.cpp(514): warning C4244: 'initializing' : conversion from 'float' to 'unsigned int', possible loss of data
     1>c:\users\commander zorg\desktop\developer environment\programs\c++\mooengine\mooengine\galaxy view state.cpp(515): warning C4244: 'initializing' : conversion from 'float' to 'unsigned int', possible loss of data
     1>c:\users\commander zorg\desktop\developer environment\programs\c++\mooengine\mooengine\galaxy view state.cpp(517): warning C4244: 'initializing' : conversion from 'float' to 'unsigned int', possible loss of data
     1>c:\users\commander zorg\desktop\developer environment\programs\c++\mooengine\mooengine\galaxy view state.cpp(518): warning C4244: 'initializing' : conversion from 'float' to 'unsigned int', possible loss of data
         Generating Code...
     1>c:\users\commander zorg\desktop\developer environment\programs\c++\mooengine\mooengine\planet data.h(188): warning C4715: 'PlanetData::GetSizeString' : not all control paths return a value
     1>c:\users\commander zorg\desktop\developer environment\programs\c++\mooengine\mooengine\planet data.h(188): warning C4715: 'PlanetData::GetSizeString' : not all control paths return a value
         Compiling...
         main.cpp
     1>c:\users\commander zorg\desktop\developer environment\programs\c++\mooengine\mooengine\global functions.h(11): warning C4244: 'argument' : conversion from 'const float' to 'unsigned short', possible loss of data
         Generating Code...
         Skipping... (no relevant changes detected)
         Title State.cpp
         System Settings.cpp
         Sound Manager.cpp
         Music Manager.cpp
         MOO Engine.cpp
         Main Title State.cpp
         Intro State.cpp
         Image Manager.cpp
       Link:
         C:\Program Files (x86)\Microsoft Visual Studio 12.0\VC\bin\link.exe /ERRORREPORT:PROMPT /OUT:"C:\Users\Commander Zorg\Desktop\Developer Environment\Programs\C++\MooEngine\Debug\HAMEngine.exe" /INCREMENTAL /NOLOGO "sfml-main-d.lib" "sfml-graphics-d.lib" "sfml-window-d.lib" "sfml-system-d.lib" "sfml-audio-d.lib" kernel32.lib user32.lib gdi32.lib winspool.lib comdlg32.lib advapi32.lib shell32.lib ole32.lib oleaut32.lib uuid.lib odbc32.lib odbccp32.lib /MANIFEST /MANIFESTUAC:"level='asInvoker' uiAccess='false'" /manifest:embed /DEBUG /PDB:"C:\Users\Commander Zorg\Desktop\Developer Environment\Programs\C++\MooEngine\Debug\HAMEngine.pdb" /TLBID:1 /DYNAMICBASE /NXCOMPAT /IMPLIB:"C:\Users\Commander Zorg\Desktop\Developer Environment\Programs\C++\MooEngine\Debug\HAMEngine.lib" /MACHINE:X86 "Debug\Galaxy View State.obj"
         "Debug\Image Manager.obj"
         "Debug\Intro State.obj"
         "Debug\Main Game State.obj"
         "Debug\Main Title State.obj"
         Debug\main.obj
         "Debug\MOO Engine.obj"
         "Debug\Music Manager.obj"
         "Debug\New Game Setup State.obj"
         "Debug\Sound Manager.obj"
         "Debug\System Settings.obj"
         "Debug\System View State.obj"
         "Debug\Title State.obj"
         MooEngine.vcxproj -> C:\Users\Commander Zorg\Desktop\Developer Environment\Programs\C++\MooEngine\Debug\HAMEngine.exe
     1>Done Building Project "C:\Users\Commander Zorg\Desktop\Developer Environment\Programs\C++\MooEngine\MooEngine\MooEngine.vcxproj" (Build target(s)).

Build succeeded.

Time Elapsed 00:00:06.24
