Build started 8/1/2013 1:22:50 PM.
     1>Project "C:\Users\Jacob\Documents\Visual Studio 2010\Projects\MOO Clone\MOO Clone\MOO Clone.vcxproj" on node 2 (build target(s)).
     1>InitializeBuildStatus:
         Creating "Debug\MOO Clone.unsuccessfulbuild" because "AlwaysCreate" was specified.
       ClCompile:
         c:\Program Files (x86)\Microsoft Visual Studio 10.0\VC\bin\CL.exe /c /ZI /nologo /W3 /WX- /Od /Oy- /D SFML_STATIC /D WIN32 /D _DEBUG /D _WINDOWS /D _UNICODE /D UNICODE /Gm /EHsc /RTC1 /MDd /GS /fp:precise /Zc:wchar_t /Zc:forScope /Fo"Debug\\" /Fd"Debug\vc100.pdb" /Gd /TP /analyze- /errorReport:prompt "Colony Build Queue State.cpp" "Colony Overview State.cpp" "Colony View State.cpp" "Credits State.cpp" "Diplomacy State.cpp" "Encyclopedia State.cpp" "Fleets Overview State.cpp" "Galaxy Setup State.cpp" "Galaxy View State.cpp" "Image Manager.cpp" "Intro State.cpp" "Leaders Overview State.cpp" "Load Game State.cpp" "Main Game State.cpp" "Main Title State.cpp" main.cpp "MOO Engine.cpp" "Music Manager.cpp" "New Game Setup State.cpp" "Planet Overview State.cpp" "Planetary Bombardment State.cpp" "Planetary Combat State.cpp" "Research State.cpp" "Settings State.cpp" "Sound Manager.cpp" "Space Combat State.cpp" "Ship Design State.cpp" "Ship Refit State.cpp" "System Settings.cpp" "System View State.cpp" "Title State.cpp"
         Title State.cpp
     1>c:\users\jacob\documents\visual studio 2010\projects\moo clone\moo clone\global functions.h(11): warning C4244: 'argument' : conversion from 'const float' to 'unsigned short', possible loss of data
     1>c:\users\jacob\documents\visual studio 2010\projects\moo clone\moo clone\global functions.h(11): warning C4244: 'argument' : conversion from 'const float' to 'unsigned short', possible loss of data
         System Settings.cpp
         Settings State.cpp
     1>c:\users\jacob\documents\visual studio 2010\projects\moo clone\moo clone\global functions.h(11): warning C4244: 'argument' : conversion from 'const float' to 'unsigned short', possible loss of data
     1>c:\users\jacob\documents\visual studio 2010\projects\moo clone\moo clone\global functions.h(11): warning C4244: 'argument' : conversion from 'const float' to 'unsigned short', possible loss of data
     1>c:\users\jacob\documents\visual studio 2010\projects\moo clone\moo clone\settings state.cpp(286): warning C4244: 'argument' : conversion from 'unsigned int' to 'float', possible loss of data
     1>c:\users\jacob\documents\visual studio 2010\projects\moo clone\moo clone\settings state.cpp(295): warning C4244: '=' : conversion from 'const float' to 'unsigned short', possible loss of data
         New Game Setup State.cpp
         MOO Engine.cpp
         main.cpp
     1>c:\users\jacob\documents\visual studio 2010\projects\moo clone\moo clone\global functions.h(11): warning C4244: 'argument' : conversion from 'const float' to 'unsigned short', possible loss of data
     1>c:\users\jacob\documents\visual studio 2010\projects\moo clone\moo clone\global functions.h(11): warning C4244: 'argument' : conversion from 'const float' to 'unsigned short', possible loss of data
         Main Title State.cpp
     1>c:\users\jacob\documents\visual studio 2010\projects\moo clone\moo clone\global functions.h(11): warning C4244: 'argument' : conversion from 'const float' to 'unsigned short', possible loss of data
     1>c:\users\jacob\documents\visual studio 2010\projects\moo clone\moo clone\global functions.h(11): warning C4244: 'argument' : conversion from 'const float' to 'unsigned short', possible loss of data
         Main Game State.cpp
     1>c:\users\jacob\documents\visual studio 2010\projects\moo clone\moo clone\global functions.h(11): warning C4244: 'argument' : conversion from 'const float' to 'unsigned short', possible loss of data
     1>c:\users\jacob\documents\visual studio 2010\projects\moo clone\moo clone\global functions.h(11): warning C4244: 'argument' : conversion from 'const float' to 'unsigned short', possible loss of data
         Intro State.cpp
     1>c:\users\jacob\documents\visual studio 2010\projects\moo clone\moo clone\intro state.cpp(55): warning C4244: 'argument' : conversion from 'float' to 'sf::Uint8', possible loss of data
     1>c:\users\jacob\documents\visual studio 2010\projects\moo clone\moo clone\intro state.cpp(73): warning C4244: 'argument' : conversion from 'float' to 'sf::Uint8', possible loss of data
         Galaxy View State.cpp
     1>c:\users\jacob\documents\visual studio 2010\projects\moo clone\moo clone\global functions.h(11): warning C4244: 'argument' : conversion from 'const float' to 'unsigned short', possible loss of data
     1>c:\users\jacob\documents\visual studio 2010\projects\moo clone\moo clone\global functions.h(11): warning C4244: 'argument' : conversion from 'const float' to 'unsigned short', possible loss of data
         Galaxy Setup State.cpp
     1>c:\users\jacob\documents\visual studio 2010\projects\moo clone\moo clone\global functions.h(11): warning C4244: 'argument' : conversion from 'const float' to 'unsigned short', possible loss of data
     1>c:\users\jacob\documents\visual studio 2010\projects\moo clone\moo clone\global functions.h(11): warning C4244: 'argument' : conversion from 'const float' to 'unsigned short', possible loss of data
         Credits State.cpp
         Generating Code...
         Skipping... (no relevant changes detected)
         System View State.cpp
         Ship Refit State.cpp
         Ship Design State.cpp
         Space Combat State.cpp
         Sound Manager.cpp
         Research State.cpp
         Planetary Combat State.cpp
         Planetary Bombardment State.cpp
         Planet Overview State.cpp
         Music Manager.cpp
         Load Game State.cpp
         Leaders Overview State.cpp
         Image Manager.cpp
         Fleets Overview State.cpp
         Encyclopedia State.cpp
         Diplomacy State.cpp
         Colony View State.cpp
         Colony Overview State.cpp
         Colony Build Queue State.cpp
       ManifestResourceCompile:
         All outputs are up-to-date.
       Link:
         c:\Program Files (x86)\Microsoft Visual Studio 10.0\VC\bin\link.exe /ERRORREPORT:PROMPT /OUT:"C:\Users\Jacob\Documents\Visual Studio 2010\Projects\MOO Clone\Debug\MOO Clone.exe" /INCREMENTAL /NOLOGO "sfml-main-d.lib" "sfml-system-s-d.lib" "sfml-window-s-d.lib" "sfml-graphics-s-d.lib" "sfml-audio-s-d.lib" kernel32.lib user32.lib gdi32.lib winspool.lib comdlg32.lib advapi32.lib shell32.lib ole32.lib oleaut32.lib uuid.lib odbc32.lib odbccp32.lib /MANIFEST /ManifestFile:"Debug\MOO Clone.exe.intermediate.manifest" /MANIFESTUAC:"level='asInvoker' uiAccess='false'" /DEBUG /PDB:"C:\Users\Jacob\Documents\Visual Studio 2010\Projects\MOO Clone\Debug\MOO Clone.pdb" /SUBSYSTEM:WINDOWS /TLBID:1 /DYNAMICBASE /NXCOMPAT /IMPLIB:"C:\Users\Jacob\Documents\Visual Studio 2010\Projects\MOO Clone\Debug\MOO Clone.lib" /MACHINE:X86 "Debug\MOO Clone.exe.embed.manifest.res"
         "Debug\Colony Build Queue State.obj"
         "Debug\Colony Overview State.obj"
         "Debug\Colony View State.obj"
         "Debug\Credits State.obj"
         "Debug\Diplomacy State.obj"
         "Debug\Encyclopedia State.obj"
         "Debug\Fleets Overview State.obj"
         "Debug\Galaxy Setup State.obj"
         "Debug\Galaxy View State.obj"
         "Debug\Image Manager.obj"
         "Debug\Intro State.obj"
         "Debug\Leaders Overview State.obj"
         "Debug\Load Game State.obj"
         "Debug\Main Game State.obj"
         "Debug\Main Title State.obj"
         Debug\main.obj
         "Debug\MOO Engine.obj"
         "Debug\Music Manager.obj"
         "Debug\New Game Setup State.obj"
         "Debug\Planet Overview State.obj"
         "Debug\Planetary Bombardment State.obj"
         "Debug\Planetary Combat State.obj"
         "Debug\Research State.obj"
         "Debug\Settings State.obj"
         "Debug\Sound Manager.obj"
         "Debug\Space Combat State.obj"
         "Debug\Ship Design State.obj"
         "Debug\Ship Refit State.obj"
         "Debug\System Settings.obj"
         "Debug\System View State.obj"
         "Debug\Title State.obj"
     1>sfml-main-d.lib(SFML_Main.cpp.obj) : warning LNK4099: PDB 'sfml-main-d.pdb' was not found with 'sfml-main-d.lib(SFML_Main.cpp.obj)' or at 'C:\Users\Jacob\Documents\Visual Studio 2010\Projects\MOO Clone\Debug\sfml-main-d.pdb'; linking object as if no debug info
     1>sfml-system-s-d.lib(Clock.cpp.obj) : warning LNK4099: PDB 'sfml-system-s-d.pdb' was not found with 'sfml-system-s-d.lib(Clock.cpp.obj)' or at 'C:\Users\Jacob\Documents\Visual Studio 2010\Projects\MOO Clone\Debug\sfml-system-s-d.pdb'; linking object as if no debug info
     1>sfml-system-s-d.lib(Err.cpp.obj) : warning LNK4099: PDB 'sfml-system-s-d.pdb' was not found with 'sfml-system-s-d.lib(Err.cpp.obj)' or at 'C:\Users\Jacob\Documents\Visual Studio 2010\Projects\MOO Clone\Debug\sfml-system-s-d.pdb'; linking object as if no debug info
     1>sfml-system-s-d.lib(Lock.cpp.obj) : warning LNK4099: PDB 'sfml-system-s-d.pdb' was not found with 'sfml-system-s-d.lib(Lock.cpp.obj)' or at 'C:\Users\Jacob\Documents\Visual Studio 2010\Projects\MOO Clone\Debug\sfml-system-s-d.pdb'; linking object as if no debug info
     1>sfml-system-s-d.lib(Mutex.cpp.obj) : warning LNK4099: PDB 'sfml-system-s-d.pdb' was not found with 'sfml-system-s-d.lib(Mutex.cpp.obj)' or at 'C:\Users\Jacob\Documents\Visual Studio 2010\Projects\MOO Clone\Debug\sfml-system-s-d.pdb'; linking object as if no debug info
     1>sfml-system-s-d.lib(Sleep.cpp.obj) : warning LNK4099: PDB 'sfml-system-s-d.pdb' was not found with 'sfml-system-s-d.lib(Sleep.cpp.obj)' or at 'C:\Users\Jacob\Documents\Visual Studio 2010\Projects\MOO Clone\Debug\sfml-system-s-d.pdb'; linking object as if no debug info
     1>sfml-system-s-d.lib(String.cpp.obj) : warning LNK4099: PDB 'sfml-system-s-d.pdb' was not found with 'sfml-system-s-d.lib(String.cpp.obj)' or at 'C:\Users\Jacob\Documents\Visual Studio 2010\Projects\MOO Clone\Debug\sfml-system-s-d.pdb'; linking object as if no debug info
     1>sfml-system-s-d.lib(Thread.cpp.obj) : warning LNK4099: PDB 'sfml-system-s-d.pdb' was not found with 'sfml-system-s-d.lib(Thread.cpp.obj)' or at 'C:\Users\Jacob\Documents\Visual Studio 2010\Projects\MOO Clone\Debug\sfml-system-s-d.pdb'; linking object as if no debug info
     1>sfml-system-s-d.lib(ThreadLocal.cpp.obj) : warning LNK4099: PDB 'sfml-system-s-d.pdb' was not found with 'sfml-system-s-d.lib(ThreadLocal.cpp.obj)' or at 'C:\Users\Jacob\Documents\Visual Studio 2010\Projects\MOO Clone\Debug\sfml-system-s-d.pdb'; linking object as if no debug info
     1>sfml-system-s-d.lib(Time.cpp.obj) : warning LNK4099: PDB 'sfml-system-s-d.pdb' was not found with 'sfml-system-s-d.lib(Time.cpp.obj)' or at 'C:\Users\Jacob\Documents\Visual Studio 2010\Projects\MOO Clone\Debug\sfml-system-s-d.pdb'; linking object as if no debug info
     1>sfml-system-s-d.lib(ClockImpl.cpp.obj) : warning LNK4099: PDB 'sfml-system-s-d.pdb' was not found with 'sfml-system-s-d.lib(ClockImpl.cpp.obj)' or at 'C:\Users\Jacob\Documents\Visual Studio 2010\Projects\MOO Clone\Debug\sfml-system-s-d.pdb'; linking object as if no debug info
     1>sfml-system-s-d.lib(MutexImpl.cpp.obj) : warning LNK4099: PDB 'sfml-system-s-d.pdb' was not found with 'sfml-system-s-d.lib(MutexImpl.cpp.obj)' or at 'C:\Users\Jacob\Documents\Visual Studio 2010\Projects\MOO Clone\Debug\sfml-system-s-d.pdb'; linking object as if no debug info
     1>sfml-system-s-d.lib(SleepImpl.cpp.obj) : warning LNK4099: PDB 'sfml-system-s-d.pdb' was not found with 'sfml-system-s-d.lib(SleepImpl.cpp.obj)' or at 'C:\Users\Jacob\Documents\Visual Studio 2010\Projects\MOO Clone\Debug\sfml-system-s-d.pdb'; linking object as if no debug info
     1>sfml-system-s-d.lib(ThreadImpl.cpp.obj) : warning LNK4099: PDB 'sfml-system-s-d.pdb' was not found with 'sfml-system-s-d.lib(ThreadImpl.cpp.obj)' or at 'C:\Users\Jacob\Documents\Visual Studio 2010\Projects\MOO Clone\Debug\sfml-system-s-d.pdb'; linking object as if no debug info
     1>sfml-system-s-d.lib(ThreadLocalImpl.cpp.obj) : warning LNK4099: PDB 'sfml-system-s-d.pdb' was not found with 'sfml-system-s-d.lib(ThreadLocalImpl.cpp.obj)' or at 'C:\Users\Jacob\Documents\Visual Studio 2010\Projects\MOO Clone\Debug\sfml-system-s-d.pdb'; linking object as if no debug info
     1>sfml-window-s-d.lib(GlContext.cpp.obj) : warning LNK4099: PDB 'sfml-window-s-d.pdb' was not found with 'sfml-window-s-d.lib(GlContext.cpp.obj)' or at 'C:\Users\Jacob\Documents\Visual Studio 2010\Projects\MOO Clone\Debug\sfml-window-s-d.pdb'; linking object as if no debug info
     1>sfml-window-s-d.lib(GlResource.cpp.obj) : warning LNK4099: PDB 'sfml-window-s-d.pdb' was not found with 'sfml-window-s-d.lib(GlResource.cpp.obj)' or at 'C:\Users\Jacob\Documents\Visual Studio 2010\Projects\MOO Clone\Debug\sfml-window-s-d.pdb'; linking object as if no debug info
     1>sfml-window-s-d.lib(JoystickManager.cpp.obj) : warning LNK4099: PDB 'sfml-window-s-d.pdb' was not found with 'sfml-window-s-d.lib(JoystickManager.cpp.obj)' or at 'C:\Users\Jacob\Documents\Visual Studio 2010\Projects\MOO Clone\Debug\sfml-window-s-d.pdb'; linking object as if no debug info
     1>sfml-window-s-d.lib(Mouse.cpp.obj) : warning LNK4099: PDB 'sfml-window-s-d.pdb' was not found with 'sfml-window-s-d.lib(Mouse.cpp.obj)' or at 'C:\Users\Jacob\Documents\Visual Studio 2010\Projects\MOO Clone\Debug\sfml-window-s-d.pdb'; linking object as if no debug info
     1>sfml-window-s-d.lib(VideoMode.cpp.obj) : warning LNK4099: PDB 'sfml-window-s-d.pdb' was not found with 'sfml-window-s-d.lib(VideoMode.cpp.obj)' or at 'C:\Users\Jacob\Documents\Visual Studio 2010\Projects\MOO Clone\Debug\sfml-window-s-d.pdb'; linking object as if no debug info
     1>sfml-window-s-d.lib(Window.cpp.obj) : warning LNK4099: PDB 'sfml-window-s-d.pdb' was not found with 'sfml-window-s-d.lib(Window.cpp.obj)' or at 'C:\Users\Jacob\Documents\Visual Studio 2010\Projects\MOO Clone\Debug\sfml-window-s-d.pdb'; linking object as if no debug info
     1>sfml-window-s-d.lib(WindowImpl.cpp.obj) : warning LNK4099: PDB 'sfml-window-s-d.pdb' was not found with 'sfml-window-s-d.lib(WindowImpl.cpp.obj)' or at 'C:\Users\Jacob\Documents\Visual Studio 2010\Projects\MOO Clone\Debug\sfml-window-s-d.pdb'; linking object as if no debug info
     1>sfml-window-s-d.lib(WglContext.cpp.obj) : warning LNK4099: PDB 'sfml-window-s-d.pdb' was not found with 'sfml-window-s-d.lib(WglContext.cpp.obj)' or at 'C:\Users\Jacob\Documents\Visual Studio 2010\Projects\MOO Clone\Debug\sfml-window-s-d.pdb'; linking object as if no debug info
     1>sfml-window-s-d.lib(InputImpl.cpp.obj) : warning LNK4099: PDB 'sfml-window-s-d.pdb' was not found with 'sfml-window-s-d.lib(InputImpl.cpp.obj)' or at 'C:\Users\Jacob\Documents\Visual Studio 2010\Projects\MOO Clone\Debug\sfml-window-s-d.pdb'; linking object as if no debug info
     1>sfml-window-s-d.lib(JoystickImpl.cpp.obj) : warning LNK4099: PDB 'sfml-window-s-d.pdb' was not found with 'sfml-window-s-d.lib(JoystickImpl.cpp.obj)' or at 'C:\Users\Jacob\Documents\Visual Studio 2010\Projects\MOO Clone\Debug\sfml-window-s-d.pdb'; linking object as if no debug info
     1>sfml-window-s-d.lib(VideoModeImpl.cpp.obj) : warning LNK4099: PDB 'sfml-window-s-d.pdb' was not found with 'sfml-window-s-d.lib(VideoModeImpl.cpp.obj)' or at 'C:\Users\Jacob\Documents\Visual Studio 2010\Projects\MOO Clone\Debug\sfml-window-s-d.pdb'; linking object as if no debug info
     1>sfml-window-s-d.lib(WindowImplWin32.cpp.obj) : warning LNK4099: PDB 'sfml-window-s-d.pdb' was not found with 'sfml-window-s-d.lib(WindowImplWin32.cpp.obj)' or at 'C:\Users\Jacob\Documents\Visual Studio 2010\Projects\MOO Clone\Debug\sfml-window-s-d.pdb'; linking object as if no debug info
     1>sfml-graphics-s-d.lib(Color.cpp.obj) : warning LNK4099: PDB 'sfml-graphics-s-d.pdb' was not found with 'sfml-graphics-s-d.lib(Color.cpp.obj)' or at 'C:\Users\Jacob\Documents\Visual Studio 2010\Projects\MOO Clone\Debug\sfml-graphics-s-d.pdb'; linking object as if no debug info
     1>sfml-graphics-s-d.lib(Font.cpp.obj) : warning LNK4099: PDB 'sfml-graphics-s-d.pdb' was not found with 'sfml-graphics-s-d.lib(Font.cpp.obj)' or at 'C:\Users\Jacob\Documents\Visual Studio 2010\Projects\MOO Clone\Debug\sfml-graphics-s-d.pdb'; linking object as if no debug info
     1>sfml-graphics-s-d.lib(GLCheck.cpp.obj) : warning LNK4099: PDB 'sfml-graphics-s-d.pdb' was not found with 'sfml-graphics-s-d.lib(GLCheck.cpp.obj)' or at 'C:\Users\Jacob\Documents\Visual Studio 2010\Projects\MOO Clone\Debug\sfml-graphics-s-d.pdb'; linking object as if no debug info
     1>sfml-graphics-s-d.lib(Image.cpp.obj) : warning LNK4099: PDB 'sfml-graphics-s-d.pdb' was not found with 'sfml-graphics-s-d.lib(Image.cpp.obj)' or at 'C:\Users\Jacob\Documents\Visual Studio 2010\Projects\MOO Clone\Debug\sfml-graphics-s-d.pdb'; linking object as if no debug info
     1>sfml-graphics-s-d.lib(ImageLoader.cpp.obj) : warning LNK4099: PDB 'sfml-graphics-s-d.pdb' was not found with 'sfml-graphics-s-d.lib(ImageLoader.cpp.obj)' or at 'C:\Users\Jacob\Documents\Visual Studio 2010\Projects\MOO Clone\Debug\sfml-graphics-s-d.pdb'; linking object as if no debug info
     1>sfml-graphics-s-d.lib(RenderStates.cpp.obj) : warning LNK4099: PDB 'sfml-graphics-s-d.pdb' was not found with 'sfml-graphics-s-d.lib(RenderStates.cpp.obj)' or at 'C:\Users\Jacob\Documents\Visual Studio 2010\Projects\MOO Clone\Debug\sfml-graphics-s-d.pdb'; linking object as if no debug info
     1>sfml-graphics-s-d.lib(RenderTarget.cpp.obj) : warning LNK4099: PDB 'sfml-graphics-s-d.pdb' was not found with 'sfml-graphics-s-d.lib(RenderTarget.cpp.obj)' or at 'C:\Users\Jacob\Documents\Visual Studio 2010\Projects\MOO Clone\Debug\sfml-graphics-s-d.pdb'; linking object as if no debug info
     1>sfml-graphics-s-d.lib(RenderWindow.cpp.obj) : warning LNK4099: PDB 'sfml-graphics-s-d.pdb' was not found with 'sfml-graphics-s-d.lib(RenderWindow.cpp.obj)' or at 'C:\Users\Jacob\Documents\Visual Studio 2010\Projects\MOO Clone\Debug\sfml-graphics-s-d.pdb'; linking object as if no debug info
     1>sfml-graphics-s-d.lib(Shader.cpp.obj) : warning LNK4099: PDB 'sfml-graphics-s-d.pdb' was not found with 'sfml-graphics-s-d.lib(Shader.cpp.obj)' or at 'C:\Users\Jacob\Documents\Visual Studio 2010\Projects\MOO Clone\Debug\sfml-graphics-s-d.pdb'; linking object as if no debug info
     1>sfml-graphics-s-d.lib(Texture.cpp.obj) : warning LNK4099: PDB 'sfml-graphics-s-d.pdb' was not found with 'sfml-graphics-s-d.lib(Texture.cpp.obj)' or at 'C:\Users\Jacob\Documents\Visual Studio 2010\Projects\MOO Clone\Debug\sfml-graphics-s-d.pdb'; linking object as if no debug info
     1>sfml-graphics-s-d.lib(TextureSaver.cpp.obj) : warning LNK4099: PDB 'sfml-graphics-s-d.pdb' was not found with 'sfml-graphics-s-d.lib(TextureSaver.cpp.obj)' or at 'C:\Users\Jacob\Documents\Visual Studio 2010\Projects\MOO Clone\Debug\sfml-graphics-s-d.pdb'; linking object as if no debug info
     1>sfml-graphics-s-d.lib(Transform.cpp.obj) : warning LNK4099: PDB 'sfml-graphics-s-d.pdb' was not found with 'sfml-graphics-s-d.lib(Transform.cpp.obj)' or at 'C:\Users\Jacob\Documents\Visual Studio 2010\Projects\MOO Clone\Debug\sfml-graphics-s-d.pdb'; linking object as if no debug info
     1>sfml-graphics-s-d.lib(Transformable.cpp.obj) : warning LNK4099: PDB 'sfml-graphics-s-d.pdb' was not found with 'sfml-graphics-s-d.lib(Transformable.cpp.obj)' or at 'C:\Users\Jacob\Documents\Visual Studio 2010\Projects\MOO Clone\Debug\sfml-graphics-s-d.pdb'; linking object as if no debug info
     1>sfml-graphics-s-d.lib(View.cpp.obj) : warning LNK4099: PDB 'sfml-graphics-s-d.pdb' was not found with 'sfml-graphics-s-d.lib(View.cpp.obj)' or at 'C:\Users\Jacob\Documents\Visual Studio 2010\Projects\MOO Clone\Debug\sfml-graphics-s-d.pdb'; linking object as if no debug info
     1>sfml-graphics-s-d.lib(Vertex.cpp.obj) : warning LNK4099: PDB 'sfml-graphics-s-d.pdb' was not found with 'sfml-graphics-s-d.lib(Vertex.cpp.obj)' or at 'C:\Users\Jacob\Documents\Visual Studio 2010\Projects\MOO Clone\Debug\sfml-graphics-s-d.pdb'; linking object as if no debug info
     1>sfml-graphics-s-d.lib(Shape.cpp.obj) : warning LNK4099: PDB 'sfml-graphics-s-d.pdb' was not found with 'sfml-graphics-s-d.lib(Shape.cpp.obj)' or at 'C:\Users\Jacob\Documents\Visual Studio 2010\Projects\MOO Clone\Debug\sfml-graphics-s-d.pdb'; linking object as if no debug info
     1>sfml-graphics-s-d.lib(RectangleShape.cpp.obj) : warning LNK4099: PDB 'sfml-graphics-s-d.pdb' was not found with 'sfml-graphics-s-d.lib(RectangleShape.cpp.obj)' or at 'C:\Users\Jacob\Documents\Visual Studio 2010\Projects\MOO Clone\Debug\sfml-graphics-s-d.pdb'; linking object as if no debug info
     1>sfml-graphics-s-d.lib(Sprite.cpp.obj) : warning LNK4099: PDB 'sfml-graphics-s-d.pdb' was not found with 'sfml-graphics-s-d.lib(Sprite.cpp.obj)' or at 'C:\Users\Jacob\Documents\Visual Studio 2010\Projects\MOO Clone\Debug\sfml-graphics-s-d.pdb'; linking object as if no debug info
     1>sfml-graphics-s-d.lib(Text.cpp.obj) : warning LNK4099: PDB 'sfml-graphics-s-d.pdb' was not found with 'sfml-graphics-s-d.lib(Text.cpp.obj)' or at 'C:\Users\Jacob\Documents\Visual Studio 2010\Projects\MOO Clone\Debug\sfml-graphics-s-d.pdb'; linking object as if no debug info
     1>sfml-graphics-s-d.lib(VertexArray.cpp.obj) : warning LNK4099: PDB 'sfml-graphics-s-d.pdb' was not found with 'sfml-graphics-s-d.lib(VertexArray.cpp.obj)' or at 'C:\Users\Jacob\Documents\Visual Studio 2010\Projects\MOO Clone\Debug\sfml-graphics-s-d.pdb'; linking object as if no debug info
     1>sfml-audio-s-d.lib(ALCheck.cpp.obj) : warning LNK4099: PDB 'sfml-audio-s-d.pdb' was not found with 'sfml-audio-s-d.lib(ALCheck.cpp.obj)' or at 'C:\Users\Jacob\Documents\Visual Studio 2010\Projects\MOO Clone\Debug\sfml-audio-s-d.pdb'; linking object as if no debug info
     1>sfml-audio-s-d.lib(AudioDevice.cpp.obj) : warning LNK4099: PDB 'sfml-audio-s-d.pdb' was not found with 'sfml-audio-s-d.lib(AudioDevice.cpp.obj)' or at 'C:\Users\Jacob\Documents\Visual Studio 2010\Projects\MOO Clone\Debug\sfml-audio-s-d.pdb'; linking object as if no debug info
     1>sfml-audio-s-d.lib(Music.cpp.obj) : warning LNK4099: PDB 'sfml-audio-s-d.pdb' was not found with 'sfml-audio-s-d.lib(Music.cpp.obj)' or at 'C:\Users\Jacob\Documents\Visual Studio 2010\Projects\MOO Clone\Debug\sfml-audio-s-d.pdb'; linking object as if no debug info
     1>sfml-audio-s-d.lib(Sound.cpp.obj) : warning LNK4099: PDB 'sfml-audio-s-d.pdb' was not found with 'sfml-audio-s-d.lib(Sound.cpp.obj)' or at 'C:\Users\Jacob\Documents\Visual Studio 2010\Projects\MOO Clone\Debug\sfml-audio-s-d.pdb'; linking object as if no debug info
     1>sfml-audio-s-d.lib(SoundBuffer.cpp.obj) : warning LNK4099: PDB 'sfml-audio-s-d.pdb' was not found with 'sfml-audio-s-d.lib(SoundBuffer.cpp.obj)' or at 'C:\Users\Jacob\Documents\Visual Studio 2010\Projects\MOO Clone\Debug\sfml-audio-s-d.pdb'; linking object as if no debug info
     1>sfml-audio-s-d.lib(SoundFile.cpp.obj) : warning LNK4099: PDB 'sfml-audio-s-d.pdb' was not found with 'sfml-audio-s-d.lib(SoundFile.cpp.obj)' or at 'C:\Users\Jacob\Documents\Visual Studio 2010\Projects\MOO Clone\Debug\sfml-audio-s-d.pdb'; linking object as if no debug info
     1>sfml-audio-s-d.lib(SoundSource.cpp.obj) : warning LNK4099: PDB 'sfml-audio-s-d.pdb' was not found with 'sfml-audio-s-d.lib(SoundSource.cpp.obj)' or at 'C:\Users\Jacob\Documents\Visual Studio 2010\Projects\MOO Clone\Debug\sfml-audio-s-d.pdb'; linking object as if no debug info
     1>sfml-audio-s-d.lib(SoundStream.cpp.obj) : warning LNK4099: PDB 'sfml-audio-s-d.pdb' was not found with 'sfml-audio-s-d.lib(SoundStream.cpp.obj)' or at 'C:\Users\Jacob\Documents\Visual Studio 2010\Projects\MOO Clone\Debug\sfml-audio-s-d.pdb'; linking object as if no debug info
       Manifest:
         C:\Program Files (x86)\Microsoft SDKs\Windows\v7.0A\bin\mt.exe /nologo /verbose /out:"Debug\MOO Clone.exe.embed.manifest" /manifest "Debug\MOO Clone.exe.intermediate.manifest"
         All outputs are up-to-date.
       LinkEmbedManifest:
         All outputs are up-to-date.
         MOO Clone.vcxproj -> C:\Users\Jacob\Documents\Visual Studio 2010\Projects\MOO Clone\Debug\MOO Clone.exe
       FinalizeBuildStatus:
         Deleting file "Debug\MOO Clone.unsuccessfulbuild".
         Touching "Debug\MOO Clone.lastbuildstate".
     1>Done Building Project "C:\Users\Jacob\Documents\Visual Studio 2010\Projects\MOO Clone\MOO Clone\MOO Clone.vcxproj" (build target(s)).

Build succeeded.

Time Elapsed 00:00:11.36
